Arguments: 
  /snap/node/5148/bin/node /snap/node/5148/bin/yarn.js config get npmRegistryServer

PATH: 
  /home/cheol/IdeaProjects/excelparser/node_modules/.bin:/home/cheol/IdeaProjects/node_modules/.bin:/home/cheol/node_modules/.bin:/home/node_modules/.bin:/node_modules/.bin:/usr/local/lib/nodejs/node-v14.17.3-linux-x64/bin:/usr/local/lib/nodejs/node-v14.17.3-linux-x64/bin:/home/cheol/googleCloud/google-cloud-sdk/bin:/home/cheol/IdeaProjects/excelparser/node_modules/.bin:/usr/local/sbin:/usr/local/bin:/usr/sbin:/usr/bin:/sbin:/bin:/usr/games:/usr/local/games:/snap/bin

Yarn version: 
  1.22.5

Node version: 
  14.17.4

Platform: 
  linux x64

Trace: 
  Error: EACCES: permission denied, write
      at writeSync (fs.js:733:3)
      at SyncWriteStream._write (internal/fs/sync_write_stream.js:24:3)
      at writeOrBuffer (internal/streams/writable.js:358:12)
      at SyncWriteStream.Writable.write (internal/streams/writable.js:303:10)
      at ConsoleReporter._log (/snap/node/5148/lib/cli.js:96770:17)
      at ConsoleReporter.log (/snap/node/5148/lib/cli.js:96758:10)
      at get (/snap/node/5148/lib/cli.js:87536:14)
      at Object.<anonymous> (/snap/node/5148/lib/cli.js:25940:25)
      at Generator.next (<anonymous>)
      at step (/snap/node/5148/lib/cli.js:310:30)

npm manifest: 
  {
    "name": "excelparser",
    "version": "0.1.0",
    "private": true,
    "devDependencies": {
      "@vue/cli-plugin-babel": "~4.5.0",
      "@vue/cli-plugin-eslint": "~4.5.0",
      "@vue/cli-service": "~4.5.0"
    },
    "dependencies": {
      "@vue/cli": "^4.5.13"
    }
  }

yarn manifest: 
  No manifest

Lockfile: 
  No lockfile
